2017-07-07 09:08:18.941 INFO AFMES.BaseInfo.BL.WeatherBL: 天气获取成功。日期：2017年07月07日,城市：太仓,温度：28℃~35℃,天气：多云
2017-07-07 09:39:24.603 INFO AFMES.BaseInfo.BL.WeatherBL: 天气获取成功。日期：2017年07月07日,城市：太仓,温度：28℃~35℃,天气：多云
2017-07-07 10:17:05.892 INFO AFMES.BaseInfo.BL.WeatherBL: 天气获取成功。日期：2017年07月07日,城市：太仓,温度：28℃~35℃,天气：多云
2017-07-07 10:17:06.247 ERROR AFMES.BaseInfo.BL.WeatherBL: System.Data.Entity.Infrastructure.DbUpdateException: 更新条目时出错。有关详细信息，请参阅内部异常。 ---> System.Data.Entity.Core.UpdateException: 更新条目时出错。有关详细信息，请参阅内部异常。 ---> System.Data.SqlClient.SqlException: 对象名 'dic.Weather' 无效。
   在 System.Data.SqlClient.SqlConnection.OnError(SqlException exception, Boolean breakConnection, Action`1 wrapCloseInAction)
   在 System.Data.SqlClient.SqlInternalConnection.OnError(SqlException exception, Boolean breakConnection, Action`1 wrapCloseInAction)
   在 System.Data.SqlClient.TdsParser.ThrowExceptionAndWarning(TdsParserStateObject stateObj, Boolean callerHasConnectionLock, Boolean asyncClose)
   在 System.Data.SqlClient.TdsParser.TryRun(RunBehavior runBehavior, SqlCommand cmdHandler, SqlDataReader dataStream, BulkCopySimpleResultSet bulkCopyHandler, TdsParserStateObject stateObj, Boolean& dataReady)
   在 System.Data.SqlClient.SqlDataReader.TryConsumeMetaData()
   在 System.Data.SqlClient.SqlDataReader.get_MetaData()
   在 System.Data.SqlClient.SqlCommand.FinishExecuteReader(SqlDataReader ds, RunBehavior runBehavior, String resetOptionsString, Boolean isInternal, Boolean forDescribeParameterEncryption)
   在 System.Data.SqlClient.SqlCommand.RunExecuteReaderTds(CommandBehavior cmdBehavior, RunBehavior runBehavior, Boolean returnStream, Boolean async, Int32 timeout, Task& task, Boolean asyncWrite, Boolean inRetry, SqlDataReader ds, Boolean describeParameterEncryptionRequest)
   在 System.Data.SqlClient.SqlCommand.RunExecuteReader(CommandBehavior cmdBehavior, RunBehavior runBehavior, Boolean returnStream, String method, TaskCompletionSource`1 completion, Int32 timeout, Task& task, Boolean& usedCache, Boolean asyncWrite, Boolean inRetry)
   在 System.Data.SqlClient.SqlCommand.RunExecuteReader(CommandBehavior cmdBehavior, RunBehavior runBehavior, Boolean returnStream, String method)
   在 System.Data.SqlClient.SqlCommand.ExecuteReader(CommandBehavior behavior, String method)
   在 System.Data.SqlClient.SqlCommand.ExecuteDbDataReader(CommandBehavior behavior)
   在 System.Data.Common.DbCommand.ExecuteReader(CommandBehavior behavior)
   在 System.Data.Entity.Infrastructure.Interception.DbCommandDispatcher.<Reader>b__c(DbCommand t, DbCommandInterceptionContext`1 c)
   在 System.Data.Entity.Infrastructure.Interception.InternalDispatcher`1.Dispatch[TTarget,TInterceptionContext,TResult](TTarget target, Func`3 operation, TInterceptionContext interceptionContext, Action`3 executing, Action`3 executed)
   在 System.Data.Entity.Infrastructure.Interception.DbCommandDispatcher.Reader(DbCommand command, DbCommandInterceptionContext interceptionContext)
   在 System.Data.Entity.Internal.InterceptableDbCommand.ExecuteDbDataReader(CommandBehavior behavior)
   在 System.Data.Common.DbCommand.ExecuteReader(CommandBehavior behavior)
   在 System.Data.Entity.Core.Mapping.Update.Internal.DynamicUpdateCommand.Execute(Dictionary`2 identifierValues, List`1 generatedValues)
   在 System.Data.Entity.Core.Mapping.Update.Internal.UpdateTranslator.Update()
   --- 内部异常堆栈跟踪的结尾 ---
   在 System.Data.Entity.Core.Mapping.Update.Internal.UpdateTranslator.Update()
   在 System.Data.Entity.Core.EntityClient.Internal.EntityAdapter.<Update>b__2(UpdateTranslator ut)
   在 System.Data.Entity.Core.EntityClient.Internal.EntityAdapter.Update[T](T noChangesResult, Func`2 updateFunction)
   在 System.Data.Entity.Core.EntityClient.Internal.EntityAdapter.Update()
   在 System.Data.Entity.Core.Objects.ObjectContext.<SaveChangesToStore>b__d()
   在 System.Data.Entity.Core.Objects.ObjectContext.ExecuteInTransaction[T](Func`1 func, IDbExecutionStrategy executionStrategy, Boolean startLocalTransaction, Boolean releaseConnectionOnSuccess)
   在 System.Data.Entity.Core.Objects.ObjectContext.SaveChangesToStore(SaveOptions options, IDbExecutionStrategy executionStrategy, Boolean startLocalTransaction)
   在 System.Data.Entity.Core.Objects.ObjectContext.<>c__DisplayClassb.<SaveChangesInternal>b__8()
   在 System.Data.Entity.SqlServer.DefaultSqlExecutionStrategy.Execute[TResult](Func`1 operation)
   在 System.Data.Entity.Core.Objects.ObjectContext.SaveChangesInternal(SaveOptions options, Boolean executeInExistingTransaction)
   在 System.Data.Entity.Core.Objects.ObjectContext.SaveChanges(SaveOptions options)
   在 System.Data.Entity.Internal.InternalContext.SaveChanges()
   --- 内部异常堆栈跟踪的结尾 ---
   在 System.Data.Entity.Internal.InternalContext.SaveChanges()
   在 System.Data.Entity.Internal.LazyInternalContext.SaveChanges()
   在 System.Data.Entity.DbContext.SaveChanges()
   在 AFMES.BaseInfo.BL.WeatherBL.Refresh() 位置 C:\Users\刘延康\Desktop\SSLPA\AFMES.BaseInfo\BL\WeatherBL.cs:行号 57
2017-07-07 10:57:47.286 INFO AFMES.BaseInfo.BL.WeatherBL: 天气获取成功。日期：2017年07月07日,城市：太仓,温度：28℃~35℃,天气：多云
2017-07-07 10:57:48.169 ERROR AFMES.BaseInfo.BL.WeatherBL: System.Data.Entity.Infrastructure.DbUpdateException: 更新条目时出错。有关详细信息，请参阅内部异常。 ---> System.Data.Entity.Core.UpdateException: 更新条目时出错。有关详细信息，请参阅内部异常。 ---> System.Data.SqlClient.SqlException: 对象名 'dic.Weather' 无效。
   在 System.Data.SqlClient.SqlConnection.OnError(SqlException exception, Boolean breakConnection, Action`1 wrapCloseInAction)
   在 System.Data.SqlClient.SqlInternalConnection.OnError(SqlException exception, Boolean breakConnection, Action`1 wrapCloseInAction)
   在 System.Data.SqlClient.TdsParser.ThrowExceptionAndWarning(TdsParserStateObject stateObj, Boolean callerHasConnectionLock, Boolean asyncClose)
   在 System.Data.SqlClient.TdsParser.TryRun(RunBehavior runBehavior, SqlCommand cmdHandler, SqlDataReader dataStream, BulkCopySimpleResultSet bulkCopyHandler, TdsParserStateObject stateObj, Boolean& dataReady)
   在 System.Data.SqlClient.SqlDataReader.TryConsumeMetaData()
   在 System.Data.SqlClient.SqlDataReader.get_MetaData()
   在 System.Data.SqlClient.SqlCommand.FinishExecuteReader(SqlDataReader ds, RunBehavior runBehavior, String resetOptionsString, Boolean isInternal, Boolean forDescribeParameterEncryption)
   在 System.Data.SqlClient.SqlCommand.RunExecuteReaderTds(CommandBehavior cmdBehavior, RunBehavior runBehavior, Boolean returnStream, Boolean async, Int32 timeout, Task& task, Boolean asyncWrite, Boolean inRetry, SqlDataReader ds, Boolean describeParameterEncryptionRequest)
   在 System.Data.SqlClient.SqlCommand.RunExecuteReader(CommandBehavior cmdBehavior, RunBehavior runBehavior, Boolean returnStream, String method, TaskCompletionSource`1 completion, Int32 timeout, Task& task, Boolean& usedCache, Boolean asyncWrite, Boolean inRetry)
   在 System.Data.SqlClient.SqlCommand.RunExecuteReader(CommandBehavior cmdBehavior, RunBehavior runBehavior, Boolean returnStream, String method)
   在 System.Data.SqlClient.SqlCommand.ExecuteReader(CommandBehavior behavior, String method)
   在 System.Data.SqlClient.SqlCommand.ExecuteDbDataReader(CommandBehavior behavior)
   在 System.Data.Common.DbCommand.ExecuteReader(CommandBehavior behavior)
   在 System.Data.Entity.Infrastructure.Interception.DbCommandDispatcher.<Reader>b__c(DbCommand t, DbCommandInterceptionContext`1 c)
   在 System.Data.Entity.Infrastructure.Interception.InternalDispatcher`1.Dispatch[TTarget,TInterceptionContext,TResult](TTarget target, Func`3 operation, TInterceptionContext interceptionContext, Action`3 executing, Action`3 executed)
   在 System.Data.Entity.Infrastructure.Interception.DbCommandDispatcher.Reader(DbCommand command, DbCommandInterceptionContext interceptionContext)
   在 System.Data.Entity.Internal.InterceptableDbCommand.ExecuteDbDataReader(CommandBehavior behavior)
   在 System.Data.Common.DbCommand.ExecuteReader(CommandBehavior behavior)
   在 System.Data.Entity.Core.Mapping.Update.Internal.DynamicUpdateCommand.Execute(Dictionary`2 identifierValues, List`1 generatedValues)
   在 System.Data.Entity.Core.Mapping.Update.Internal.UpdateTranslator.Update()
   --- 内部异常堆栈跟踪的结尾 ---
   在 System.Data.Entity.Core.Mapping.Update.Internal.UpdateTranslator.Update()
   在 System.Data.Entity.Core.EntityClient.Internal.EntityAdapter.<Update>b__2(UpdateTranslator ut)
   在 System.Data.Entity.Core.EntityClient.Internal.EntityAdapter.Update[T](T noChangesResult, Func`2 updateFunction)
   在 System.Data.Entity.Core.EntityClient.Internal.EntityAdapter.Update()
   在 System.Data.Entity.Core.Objects.ObjectContext.<SaveChangesToStore>b__d()
   在 System.Data.Entity.Core.Objects.ObjectContext.ExecuteInTransaction[T](Func`1 func, IDbExecutionStrategy executionStrategy, Boolean startLocalTransaction, Boolean releaseConnectionOnSuccess)
   在 System.Data.Entity.Core.Objects.ObjectContext.SaveChangesToStore(SaveOptions options, IDbExecutionStrategy executionStrategy, Boolean startLocalTransaction)
   在 System.Data.Entity.Core.Objects.ObjectContext.<>c__DisplayClassb.<SaveChangesInternal>b__8()
   在 System.Data.Entity.SqlServer.DefaultSqlExecutionStrategy.Execute[TResult](Func`1 operation)
   在 System.Data.Entity.Core.Objects.ObjectContext.SaveChangesInternal(SaveOptions options, Boolean executeInExistingTransaction)
   在 System.Data.Entity.Core.Objects.ObjectContext.SaveChanges(SaveOptions options)
   在 System.Data.Entity.Internal.InternalContext.SaveChanges()
   --- 内部异常堆栈跟踪的结尾 ---
   在 System.Data.Entity.Internal.InternalContext.SaveChanges()
   在 System.Data.Entity.Internal.LazyInternalContext.SaveChanges()
   在 System.Data.Entity.DbContext.SaveChanges()
   在 AFMES.BaseInfo.BL.WeatherBL.Refresh() 位置 C:\Users\刘延康\Desktop\SSLPA\AFMES.BaseInfo\BL\WeatherBL.cs:行号 57
2017-07-07 11:04:37.386 INFO AFMES.BaseInfo.BL.WeatherBL: 天气获取成功。日期：2017年07月07日,城市：太仓,温度：28℃~35℃,天气：多云
2017-07-07 11:04:37.875 ERROR AFMES.BaseInfo.BL.WeatherBL: System.Data.Entity.Infrastructure.DbUpdateException: 更新条目时出错。有关详细信息，请参阅内部异常。 ---> System.Data.Entity.Core.UpdateException: 更新条目时出错。有关详细信息，请参阅内部异常。 ---> System.Data.SqlClient.SqlException: 对象名 'dic.Weather' 无效。
   在 System.Data.SqlClient.SqlConnection.OnError(SqlException exception, Boolean breakConnection, Action`1 wrapCloseInAction)
   在 System.Data.SqlClient.SqlInternalConnection.OnError(SqlException exception, Boolean breakConnection, Action`1 wrapCloseInAction)
   在 System.Data.SqlClient.TdsParser.ThrowExceptionAndWarning(TdsParserStateObject stateObj, Boolean callerHasConnectionLock, Boolean asyncClose)
   在 System.Data.SqlClient.TdsParser.TryRun(RunBehavior runBehavior, SqlCommand cmdHandler, SqlDataReader dataStream, BulkCopySimpleResultSet bulkCopyHandler, TdsParserStateObject stateObj, Boolean& dataReady)
   在 System.Data.SqlClient.SqlDataReader.TryConsumeMetaData()
   在 System.Data.SqlClient.SqlDataReader.get_MetaData()
   在 System.Data.SqlClient.SqlCommand.FinishExecuteReader(SqlDataReader ds, RunBehavior runBehavior, String resetOptionsString, Boolean isInternal, Boolean forDescribeParameterEncryption)
   在 System.Data.SqlClient.SqlCommand.RunExecuteReaderTds(CommandBehavior cmdBehavior, RunBehavior runBehavior, Boolean returnStream, Boolean async, Int32 timeout, Task& task, Boolean asyncWrite, Boolean inRetry, SqlDataReader ds, Boolean describeParameterEncryptionRequest)
   在 System.Data.SqlClient.SqlCommand.RunExecuteReader(CommandBehavior cmdBehavior, RunBehavior runBehavior, Boolean returnStream, String method, TaskCompletionSource`1 completion, Int32 timeout, Task& task, Boolean& usedCache, Boolean asyncWrite, Boolean inRetry)
   在 System.Data.SqlClient.SqlCommand.RunExecuteReader(CommandBehavior cmdBehavior, RunBehavior runBehavior, Boolean returnStream, String method)
   在 System.Data.SqlClient.SqlCommand.ExecuteReader(CommandBehavior behavior, String method)
   在 System.Data.SqlClient.SqlCommand.ExecuteDbDataReader(CommandBehavior behavior)
   在 System.Data.Common.DbCommand.ExecuteReader(CommandBehavior behavior)
   在 System.Data.Entity.Infrastructure.Interception.DbCommandDispatcher.<Reader>b__c(DbCommand t, DbCommandInterceptionContext`1 c)
   在 System.Data.Entity.Infrastructure.Interception.InternalDispatcher`1.Dispatch[TTarget,TInterceptionContext,TResult](TTarget target, Func`3 operation, TInterceptionContext interceptionContext, Action`3 executing, Action`3 executed)
   在 System.Data.Entity.Infrastructure.Interception.DbCommandDispatcher.Reader(DbCommand command, DbCommandInterceptionContext interceptionContext)
   在 System.Data.Entity.Internal.InterceptableDbCommand.ExecuteDbDataReader(CommandBehavior behavior)
   在 System.Data.Common.DbCommand.ExecuteReader(CommandBehavior behavior)
   在 System.Data.Entity.Core.Mapping.Update.Internal.DynamicUpdateCommand.Execute(Dictionary`2 identifierValues, List`1 generatedValues)
   在 System.Data.Entity.Core.Mapping.Update.Internal.UpdateTranslator.Update()
   --- 内部异常堆栈跟踪的结尾 ---
   在 System.Data.Entity.Core.Mapping.Update.Internal.UpdateTranslator.Update()
   在 System.Data.Entity.Core.EntityClient.Internal.EntityAdapter.<Update>b__2(UpdateTranslator ut)
   在 System.Data.Entity.Core.EntityClient.Internal.EntityAdapter.Update[T](T noChangesResult, Func`2 updateFunction)
   在 System.Data.Entity.Core.EntityClient.Internal.EntityAdapter.Update()
   在 System.Data.Entity.Core.Objects.ObjectContext.<SaveChangesToStore>b__d()
   在 System.Data.Entity.Core.Objects.ObjectContext.ExecuteInTransaction[T](Func`1 func, IDbExecutionStrategy executionStrategy, Boolean startLocalTransaction, Boolean releaseConnectionOnSuccess)
   在 System.Data.Entity.Core.Objects.ObjectContext.SaveChangesToStore(SaveOptions options, IDbExecutionStrategy executionStrategy, Boolean startLocalTransaction)
   在 System.Data.Entity.Core.Objects.ObjectContext.<>c__DisplayClassb.<SaveChangesInternal>b__8()
   在 System.Data.Entity.SqlServer.DefaultSqlExecutionStrategy.Execute[TResult](Func`1 operation)
   在 System.Data.Entity.Core.Objects.ObjectContext.SaveChangesInternal(SaveOptions options, Boolean executeInExistingTransaction)
   在 System.Data.Entity.Core.Objects.ObjectContext.SaveChanges(SaveOptions options)
   在 System.Data.Entity.Internal.InternalContext.SaveChanges()
   --- 内部异常堆栈跟踪的结尾 ---
   在 System.Data.Entity.Internal.InternalContext.SaveChanges()
   在 System.Data.Entity.Internal.LazyInternalContext.SaveChanges()
   在 System.Data.Entity.DbContext.SaveChanges()
   在 AFMES.BaseInfo.BL.WeatherBL.Refresh() 位置 C:\Users\刘延康\Desktop\SSLPA\AFMES.BaseInfo\BL\WeatherBL.cs:行号 57
2017-07-07 13:10:44.281 INFO AFMES.BaseInfo.BL.WeatherBL: 天气获取成功。日期：2017年07月07日,城市：太仓,温度：28℃~35℃,天气：多云
2017-07-07 14:07:11.817 INFO AFMES.BaseInfo.BL.WeatherBL: 天气获取成功。日期：2017年07月07日,城市：太仓,温度：28℃~35℃,天气：多云
2017-07-07 16:03:27.452 INFO AFMES.BaseInfo.BL.WeatherBL: 天气获取成功。日期：2017年07月07日,城市：太仓,温度：28℃~35℃,天气：多云
2017-07-07 16:31:38.338 INFO AFMES.BaseInfo.BL.WeatherBL: 天气获取成功。日期：2017年07月07日,城市：太仓,温度：28℃~35℃,天气：多云
2017-07-07 16:51:33.792 INFO AFMES.BaseInfo.BL.WeatherBL: 天气获取成功。日期：2017年07月07日,城市：太仓,温度：28℃~35℃,天气：多云
2017-07-07 16:58:50.680 INFO AFMES.BaseInfo.BL.WeatherBL: 天气获取成功。日期：2017年07月07日,城市：太仓,温度：28℃~35℃,天气：多云
2017-07-07 16:58:50.844 ERROR AFMES.BaseInfo.BL.WeatherBL: System.Data.Entity.Infrastructure.DbUpdateException: 从 ObjectStateEntry 中检索值时出错。有关详细信息，请参阅内部异常。 ---> System.Data.Entity.Core.UpdateException: 从 ObjectStateEntry 中检索值时出错。有关详细信息，请参阅内部异常。 ---> System.Data.Entity.Core.MappingException: 
AFMESModel.msl(3,4) : 错误 3027: 没有为以下 EntitySet/AssociationSet 指定映射 - SemiProductOrder, OutputUpdate, ProductOrder, QualityStatusDetail, QuantityCheckDetail, TroubleShooting, Scrap, MachineDayPlan, ExecutionBreak, InOutDetail, QuantityCheck, Execution, BarcodeScanLog, PrintLog, EmpLoginLog, NotifyMessage, Quest, QuestMachine, Terminal, CloseDownDetail, MachineCommData, MessageRead, TerminalMsg, PowderMaterial, ChemicalMaterial, SkillTest, TestResult, ProductPlan, ProductPlanDetail。
   在 System.Data.Entity.Core.Mapping.StorageMappingItemCollection.ViewDictionary.SerializedGenerateViews(EntityContainerMapping entityContainerMap, Dictionary`2 resultDictionary)
   在 System.Data.Entity.Core.Mapping.StorageMappingItemCollection.ViewDictionary.SerializedGetGeneratedViews(EntityContainer container)
   在 System.Data.Entity.Core.Common.Utils.Memoizer`2.<>c__DisplayClass2.<Evaluate>b__0()
   在 System.Data.Entity.Core.Common.Utils.Memoizer`2.Result.GetValue()
   在 System.Data.Entity.Core.Common.Utils.Memoizer`2.Evaluate(TArg arg)
   在 System.Data.Entity.Core.Mapping.StorageMappingItemCollection.ViewDictionary.GetGeneratedView(EntitySetBase extent, MetadataWorkspace workspace, StorageMappingItemCollection storageMappingItemCollection)
   在 System.Data.Entity.Core.Mapping.Update.Internal.ViewLoader.InitializeEntitySet(EntitySetBase entitySetBase, MetadataWorkspace workspace)
   在 System.Data.Entity.Core.Mapping.Update.Internal.ViewLoader.SyncInitializeEntitySet[TArg,TResult](EntitySetBase entitySetBase, MetadataWorkspace workspace, Func`2 evaluate, TArg arg)
   在 System.Data.Entity.Core.Mapping.Update.Internal.ExtractorMetadata..ctor(EntitySetBase entitySetBase, StructuralType type, UpdateTranslator translator)
   在 System.Data.Entity.Core.Mapping.Update.Internal.UpdateTranslator.GetExtractorMetadata(EntitySetBase entitySetBase, StructuralType type)
   在 System.Data.Entity.Core.Mapping.Update.Internal.ExtractorMetadata.ExtractResultFromRecord(IEntityStateEntry stateEntry, Boolean isModified, IExtendedDataRecord record, Boolean useCurrentValues, UpdateTranslator translator, ModifiedPropertiesBehavior modifiedPropertiesBehavior)
   在 System.Data.Entity.Core.Mapping.Update.Internal.RecordConverter.ConvertStateEntryToPropagatorResult(IEntityStateEntry stateEntry, Boolean useCurrentValues, ModifiedPropertiesBehavior modifiedPropertiesBehavior)
   --- 内部异常堆栈跟踪的结尾 ---
   在 System.Data.Entity.Core.Mapping.Update.Internal.RecordConverter.ConvertStateEntryToPropagatorResult(IEntityStateEntry stateEntry, Boolean useCurrentValues, ModifiedPropertiesBehavior modifiedPropertiesBehavior)
   在 System.Data.Entity.Core.Mapping.Update.Internal.ExtractedStateEntry..ctor(UpdateTranslator translator, IEntityStateEntry stateEntry)
   在 System.Data.Entity.Core.Mapping.Update.Internal.UpdateTranslator.LoadStateEntry(IEntityStateEntry stateEntry)
   在 System.Data.Entity.Core.Mapping.Update.Internal.UpdateTranslator.PullModifiedEntriesFromStateManager()
   在 System.Data.Entity.Core.Mapping.Update.Internal.UpdateTranslator.ProduceCommands()
   在 System.Data.Entity.Core.Mapping.Update.Internal.UpdateTranslator.Update()
   在 System.Data.Entity.Core.EntityClient.Internal.EntityAdapter.<Update>b__2(UpdateTranslator ut)
   在 System.Data.Entity.Core.EntityClient.Internal.EntityAdapter.Update[T](T noChangesResult, Func`2 updateFunction)
   在 System.Data.Entity.Core.EntityClient.Internal.EntityAdapter.Update()
   在 System.Data.Entity.Core.Objects.ObjectContext.<SaveChangesToStore>b__d()
   在 System.Data.Entity.Core.Objects.ObjectContext.ExecuteInTransaction[T](Func`1 func, IDbExecutionStrategy executionStrategy, Boolean startLocalTransaction, Boolean releaseConnectionOnSuccess)
   在 System.Data.Entity.Core.Objects.ObjectContext.SaveChangesToStore(SaveOptions options, IDbExecutionStrategy executionStrategy, Boolean startLocalTransaction)
   在 System.Data.Entity.Core.Objects.ObjectContext.<>c__DisplayClassb.<SaveChangesInternal>b__8()
   在 System.Data.Entity.SqlServer.DefaultSqlExecutionStrategy.Execute[TResult](Func`1 operation)
   在 System.Data.Entity.Core.Objects.ObjectContext.SaveChangesInternal(SaveOptions options, Boolean executeInExistingTransaction)
   在 System.Data.Entity.Core.Objects.ObjectContext.SaveChanges(SaveOptions options)
   在 System.Data.Entity.Internal.InternalContext.SaveChanges()
   --- 内部异常堆栈跟踪的结尾 ---
   在 System.Data.Entity.Internal.InternalContext.SaveChanges()
   在 System.Data.Entity.Internal.LazyInternalContext.SaveChanges()
   在 System.Data.Entity.DbContext.SaveChanges()
   在 AFMES.BaseInfo.BL.WeatherBL.Refresh() 位置 C:\Users\刘延康\Desktop\SSLPA\AFMES.BaseInfo\BL\WeatherBL.cs:行号 57
2017-07-07 17:23:06.798 INFO AFMES.BaseInfo.BL.WeatherBL: 天气获取成功。日期：2017年07月07日,城市：太仓,温度：28℃~35℃,天气：多云
2017-07-07 17:23:07.162 ERROR AFMES.BaseInfo.BL.WeatherBL: System.Data.Entity.Infrastructure.DbUpdateException: 从 ObjectStateEntry 中检索值时出错。有关详细信息，请参阅内部异常。 ---> System.Data.Entity.Core.UpdateException: 从 ObjectStateEntry 中检索值时出错。有关详细信息，请参阅内部异常。 ---> System.Data.Entity.Core.MappingException: 
AFMESModel.msl(3,4) : 错误 3027: 没有为以下 EntitySet/AssociationSet 指定映射 - SemiProductOrder, OutputUpdate, ProductOrder, QualityStatusDetail, QuantityCheckDetail, TroubleShooting, Scrap, MachineDayPlan, ExecutionBreak, InOutDetail, QuantityCheck, Execution, BarcodeScanLog, PrintLog, EmpLoginLog, NotifyMessage, Quest, QuestMachine, Terminal, CloseDownDetail, MachineCommData, MessageRead, TerminalMsg, PowderMaterial, ChemicalMaterial, SkillTest, TestResult, ProductPlan, ProductPlanDetail。
   在 System.Data.Entity.Core.Mapping.StorageMappingItemCollection.ViewDictionary.SerializedGenerateViews(EntityContainerMapping entityContainerMap, Dictionary`2 resultDictionary)
   在 System.Data.Entity.Core.Mapping.StorageMappingItemCollection.ViewDictionary.SerializedGetGeneratedViews(EntityContainer container)
   在 System.Data.Entity.Core.Common.Utils.Memoizer`2.<>c__DisplayClass2.<Evaluate>b__0()
   在 System.Data.Entity.Core.Common.Utils.Memoizer`2.Result.GetValue()
   在 System.Data.Entity.Core.Common.Utils.Memoizer`2.Evaluate(TArg arg)
   在 System.Data.Entity.Core.Mapping.StorageMappingItemCollection.ViewDictionary.GetGeneratedView(EntitySetBase extent, MetadataWorkspace workspace, StorageMappingItemCollection storageMappingItemCollection)
   在 System.Data.Entity.Core.Mapping.Update.Internal.ViewLoader.InitializeEntitySet(EntitySetBase entitySetBase, MetadataWorkspace workspace)
   在 System.Data.Entity.Core.Mapping.Update.Internal.ViewLoader.SyncInitializeEntitySet[TArg,TResult](EntitySetBase entitySetBase, MetadataWorkspace workspace, Func`2 evaluate, TArg arg)
   在 System.Data.Entity.Core.Mapping.Update.Internal.ExtractorMetadata..ctor(EntitySetBase entitySetBase, StructuralType type, UpdateTranslator translator)
   在 System.Data.Entity.Core.Mapping.Update.Internal.UpdateTranslator.GetExtractorMetadata(EntitySetBase entitySetBase, StructuralType type)
   在 System.Data.Entity.Core.Mapping.Update.Internal.ExtractorMetadata.ExtractResultFromRecord(IEntityStateEntry stateEntry, Boolean isModified, IExtendedDataRecord record, Boolean useCurrentValues, UpdateTranslator translator, ModifiedPropertiesBehavior modifiedPropertiesBehavior)
   在 System.Data.Entity.Core.Mapping.Update.Internal.RecordConverter.ConvertStateEntryToPropagatorResult(IEntityStateEntry stateEntry, Boolean useCurrentValues, ModifiedPropertiesBehavior modifiedPropertiesBehavior)
   --- 内部异常堆栈跟踪的结尾 ---
   在 System.Data.Entity.Core.Mapping.Update.Internal.RecordConverter.ConvertStateEntryToPropagatorResult(IEntityStateEntry stateEntry, Boolean useCurrentValues, ModifiedPropertiesBehavior modifiedPropertiesBehavior)
   在 System.Data.Entity.Core.Mapping.Update.Internal.ExtractedStateEntry..ctor(UpdateTranslator translator, IEntityStateEntry stateEntry)
   在 System.Data.Entity.Core.Mapping.Update.Internal.UpdateTranslator.LoadStateEntry(IEntityStateEntry stateEntry)
   在 System.Data.Entity.Core.Mapping.Update.Internal.UpdateTranslator.PullModifiedEntriesFromStateManager()
   在 System.Data.Entity.Core.Mapping.Update.Internal.UpdateTranslator.ProduceCommands()
   在 System.Data.Entity.Core.Mapping.Update.Internal.UpdateTranslator.Update()
   在 System.Data.Entity.Core.EntityClient.Internal.EntityAdapter.<Update>b__2(UpdateTranslator ut)
   在 System.Data.Entity.Core.EntityClient.Internal.EntityAdapter.Update[T](T noChangesResult, Func`2 updateFunction)
   在 System.Data.Entity.Core.EntityClient.Internal.EntityAdapter.Update()
   在 System.Data.Entity.Core.Objects.ObjectContext.<SaveChangesToStore>b__d()
   在 System.Data.Entity.Core.Objects.ObjectContext.ExecuteInTransaction[T](Func`1 func, IDbExecutionStrategy executionStrategy, Boolean startLocalTransaction, Boolean releaseConnectionOnSuccess)
   在 System.Data.Entity.Core.Objects.ObjectContext.SaveChangesToStore(SaveOptions options, IDbExecutionStrategy executionStrategy, Boolean startLocalTransaction)
   在 System.Data.Entity.Core.Objects.ObjectContext.<>c__DisplayClassb.<SaveChangesInternal>b__8()
   在 System.Data.Entity.SqlServer.DefaultSqlExecutionStrategy.Execute[TResult](Func`1 operation)
   在 System.Data.Entity.Core.Objects.ObjectContext.SaveChangesInternal(SaveOptions options, Boolean executeInExistingTransaction)
   在 System.Data.Entity.Core.Objects.ObjectContext.SaveChanges(SaveOptions options)
   在 System.Data.Entity.Internal.InternalContext.SaveChanges()
   --- 内部异常堆栈跟踪的结尾 ---
   在 System.Data.Entity.Internal.InternalContext.SaveChanges()
   在 System.Data.Entity.Internal.LazyInternalContext.SaveChanges()
   在 System.Data.Entity.DbContext.SaveChanges()
   在 AFMES.BaseInfo.BL.WeatherBL.Refresh() 位置 C:\Users\刘延康\Desktop\SSLPA\AFMES.BaseInfo\BL\WeatherBL.cs:行号 57
2017-07-07 17:25:07.340 INFO AFMES.BaseInfo.BL.WeatherBL: 天气获取成功。日期：2017年07月07日,城市：太仓,温度：28℃~35℃,天气：多云
2017-07-07 17:25:07.728 ERROR AFMES.BaseInfo.BL.WeatherBL: System.Data.Entity.Infrastructure.DbUpdateException: 从 ObjectStateEntry 中检索值时出错。有关详细信息，请参阅内部异常。 ---> System.Data.Entity.Core.UpdateException: 从 ObjectStateEntry 中检索值时出错。有关详细信息，请参阅内部异常。 ---> System.Data.Entity.Core.MappingException: 
AFMESModel.msl(3,4) : 错误 3027: 没有为以下 EntitySet/AssociationSet 指定映射 - SemiProductOrder, OutputUpdate, ProductOrder, QualityStatusDetail, QuantityCheckDetail, TroubleShooting, Scrap, MachineDayPlan, ExecutionBreak, InOutDetail, QuantityCheck, Execution, BarcodeScanLog, PrintLog, EmpLoginLog, NotifyMessage, Quest, QuestMachine, Terminal, CloseDownDetail, MachineCommData, MessageRead, TerminalMsg, PowderMaterial, ChemicalMaterial, SkillTest, TestResult, ProductPlan, ProductPlanDetail。
   在 System.Data.Entity.Core.Mapping.StorageMappingItemCollection.ViewDictionary.SerializedGenerateViews(EntityContainerMapping entityContainerMap, Dictionary`2 resultDictionary)
   在 System.Data.Entity.Core.Mapping.StorageMappingItemCollection.ViewDictionary.SerializedGetGeneratedViews(EntityContainer container)
   在 System.Data.Entity.Core.Common.Utils.Memoizer`2.<>c__DisplayClass2.<Evaluate>b__0()
   在 System.Data.Entity.Core.Common.Utils.Memoizer`2.Result.GetValue()
   在 System.Data.Entity.Core.Common.Utils.Memoizer`2.Evaluate(TArg arg)
   在 System.Data.Entity.Core.Mapping.StorageMappingItemCollection.ViewDictionary.GetGeneratedView(EntitySetBase extent, MetadataWorkspace workspace, StorageMappingItemCollection storageMappingItemCollection)
   在 System.Data.Entity.Core.Mapping.Update.Internal.ViewLoader.InitializeEntitySet(EntitySetBase entitySetBase, MetadataWorkspace workspace)
   在 System.Data.Entity.Core.Mapping.Update.Internal.ViewLoader.SyncInitializeEntitySet[TArg,TResult](EntitySetBase entitySetBase, MetadataWorkspace workspace, Func`2 evaluate, TArg arg)
   在 System.Data.Entity.Core.Mapping.Update.Internal.ExtractorMetadata..ctor(EntitySetBase entitySetBase, StructuralType type, UpdateTranslator translator)
   在 System.Data.Entity.Core.Mapping.Update.Internal.UpdateTranslator.GetExtractorMetadata(EntitySetBase entitySetBase, StructuralType type)
   在 System.Data.Entity.Core.Mapping.Update.Internal.ExtractorMetadata.ExtractResultFromRecord(IEntityStateEntry stateEntry, Boolean isModified, IExtendedDataRecord record, Boolean useCurrentValues, UpdateTranslator translator, ModifiedPropertiesBehavior modifiedPropertiesBehavior)
   在 System.Data.Entity.Core.Mapping.Update.Internal.RecordConverter.ConvertStateEntryToPropagatorResult(IEntityStateEntry stateEntry, Boolean useCurrentValues, ModifiedPropertiesBehavior modifiedPropertiesBehavior)
   --- 内部异常堆栈跟踪的结尾 ---
   在 System.Data.Entity.Core.Mapping.Update.Internal.RecordConverter.ConvertStateEntryToPropagatorResult(IEntityStateEntry stateEntry, Boolean useCurrentValues, ModifiedPropertiesBehavior modifiedPropertiesBehavior)
   在 System.Data.Entity.Core.Mapping.Update.Internal.ExtractedStateEntry..ctor(UpdateTranslator translator, IEntityStateEntry stateEntry)
   在 System.Data.Entity.Core.Mapping.Update.Internal.UpdateTranslator.LoadStateEntry(IEntityStateEntry stateEntry)
   在 System.Data.Entity.Core.Mapping.Update.Internal.UpdateTranslator.PullModifiedEntriesFromStateManager()
   在 System.Data.Entity.Core.Mapping.Update.Internal.UpdateTranslator.ProduceCommands()
   在 System.Data.Entity.Core.Mapping.Update.Internal.UpdateTranslator.Update()
   在 System.Data.Entity.Core.EntityClient.Internal.EntityAdapter.<Update>b__2(UpdateTranslator ut)
   在 System.Data.Entity.Core.EntityClient.Internal.EntityAdapter.Update[T](T noChangesResult, Func`2 updateFunction)
   在 System.Data.Entity.Core.EntityClient.Internal.EntityAdapter.Update()
   在 System.Data.Entity.Core.Objects.ObjectContext.<SaveChangesToStore>b__d()
   在 System.Data.Entity.Core.Objects.ObjectContext.ExecuteInTransaction[T](Func`1 func, IDbExecutionStrategy executionStrategy, Boolean startLocalTransaction, Boolean releaseConnectionOnSuccess)
   在 System.Data.Entity.Core.Objects.ObjectContext.SaveChangesToStore(SaveOptions options, IDbExecutionStrategy executionStrategy, Boolean startLocalTransaction)
   在 System.Data.Entity.Core.Objects.ObjectContext.<>c__DisplayClassb.<SaveChangesInternal>b__8()
   在 System.Data.Entity.SqlServer.DefaultSqlExecutionStrategy.Execute[TResult](Func`1 operation)
   在 System.Data.Entity.Core.Objects.ObjectContext.SaveChangesInternal(SaveOptions options, Boolean executeInExistingTransaction)
   在 System.Data.Entity.Core.Objects.ObjectContext.SaveChanges(SaveOptions options)
   在 System.Data.Entity.Internal.InternalContext.SaveChanges()
   --- 内部异常堆栈跟踪的结尾 ---
   在 System.Data.Entity.Internal.InternalContext.SaveChanges()
   在 System.Data.Entity.Internal.LazyInternalContext.SaveChanges()
   在 System.Data.Entity.DbContext.SaveChanges()
   在 AFMES.BaseInfo.BL.WeatherBL.Refresh() 位置 C:\Users\刘延康\Desktop\SSLPA\AFMES.BaseInfo\BL\WeatherBL.cs:行号 57
2017-07-07 17:32:56.733 INFO AFMES.BaseInfo.BL.WeatherBL: 天气获取成功。日期：2017年07月07日,城市：太仓,温度：28℃~35℃,天气：多云
2017-07-07 17:32:56.913 ERROR AFMES.BaseInfo.BL.WeatherBL: System.Data.Entity.Infrastructure.DbUpdateException: 从 ObjectStateEntry 中检索值时出错。有关详细信息，请参阅内部异常。 ---> System.Data.Entity.Core.UpdateException: 从 ObjectStateEntry 中检索值时出错。有关详细信息，请参阅内部异常。 ---> System.Data.Entity.Core.MappingException: 
AFMESModel.msl(3,4) : 错误 3027: 没有为以下 EntitySet/AssociationSet 指定映射 - SemiProductOrder, OutputUpdate, ProductOrder, QualityStatusDetail, QuantityCheckDetail, TroubleShooting, Scrap, MachineDayPlan, ExecutionBreak, InOutDetail, QuantityCheck, Execution, BarcodeScanLog, PrintLog, EmpLoginLog, NotifyMessage, Quest, QuestMachine, Terminal, CloseDownDetail, MachineCommData, MessageRead, TerminalMsg, PowderMaterial, ChemicalMaterial, SkillTest, TestResult, ProductPlan, ProductPlanDetail。
   在 System.Data.Entity.Core.Mapping.StorageMappingItemCollection.ViewDictionary.SerializedGenerateViews(EntityContainerMapping entityContainerMap, Dictionary`2 resultDictionary)
   在 System.Data.Entity.Core.Mapping.StorageMappingItemCollection.ViewDictionary.SerializedGetGeneratedViews(EntityContainer container)
   在 System.Data.Entity.Core.Common.Utils.Memoizer`2.<>c__DisplayClass2.<Evaluate>b__0()
   在 System.Data.Entity.Core.Common.Utils.Memoizer`2.Result.GetValue()
   在 System.Data.Entity.Core.Common.Utils.Memoizer`2.Evaluate(TArg arg)
   在 System.Data.Entity.Core.Mapping.StorageMappingItemCollection.ViewDictionary.GetGeneratedView(EntitySetBase extent, MetadataWorkspace workspace, StorageMappingItemCollection storageMappingItemCollection)
   在 System.Data.Entity.Core.Mapping.Update.Internal.ViewLoader.InitializeEntitySet(EntitySetBase entitySetBase, MetadataWorkspace workspace)
   在 System.Data.Entity.Core.Mapping.Update.Internal.ViewLoader.SyncInitializeEntitySet[TArg,TResult](EntitySetBase entitySetBase, MetadataWorkspace workspace, Func`2 evaluate, TArg arg)
   在 System.Data.Entity.Core.Mapping.Update.Internal.ExtractorMetadata..ctor(EntitySetBase entitySetBase, StructuralType type, UpdateTranslator translator)
   在 System.Data.Entity.Core.Mapping.Update.Internal.UpdateTranslator.GetExtractorMetadata(EntitySetBase entitySetBase, StructuralType type)
   在 System.Data.Entity.Core.Mapping.Update.Internal.ExtractorMetadata.ExtractResultFromRecord(IEntityStateEntry stateEntry, Boolean isModified, IExtendedDataRecord record, Boolean useCurrentValues, UpdateTranslator translator, ModifiedPropertiesBehavior modifiedPropertiesBehavior)
   在 System.Data.Entity.Core.Mapping.Update.Internal.RecordConverter.ConvertStateEntryToPropagatorResult(IEntityStateEntry stateEntry, Boolean useCurrentValues, ModifiedPropertiesBehavior modifiedPropertiesBehavior)
   --- 内部异常堆栈跟踪的结尾 ---
   在 System.Data.Entity.Core.Mapping.Update.Internal.RecordConverter.ConvertStateEntryToPropagatorResult(IEntityStateEntry stateEntry, Boolean useCurrentValues, ModifiedPropertiesBehavior modifiedPropertiesBehavior)
   在 System.Data.Entity.Core.Mapping.Update.Internal.ExtractedStateEntry..ctor(UpdateTranslator translator, IEntityStateEntry stateEntry)
   在 System.Data.Entity.Core.Mapping.Update.Internal.UpdateTranslator.LoadStateEntry(IEntityStateEntry stateEntry)
   在 System.Data.Entity.Core.Mapping.Update.Internal.UpdateTranslator.PullModifiedEntriesFromStateManager()
   在 System.Data.Entity.Core.Mapping.Update.Internal.UpdateTranslator.ProduceCommands()
   在 System.Data.Entity.Core.Mapping.Update.Internal.UpdateTranslator.Update()
   在 System.Data.Entity.Core.EntityClient.Internal.EntityAdapter.<Update>b__2(UpdateTranslator ut)
   在 System.Data.Entity.Core.EntityClient.Internal.EntityAdapter.Update[T](T noChangesResult, Func`2 updateFunction)
   在 System.Data.Entity.Core.EntityClient.Internal.EntityAdapter.Update()
   在 System.Data.Entity.Core.Objects.ObjectContext.<SaveChangesToStore>b__d()
   在 System.Data.Entity.Core.Objects.ObjectContext.ExecuteInTransaction[T](Func`1 func, IDbExecutionStrategy executionStrategy, Boolean startLocalTransaction, Boolean releaseConnectionOnSuccess)
   在 System.Data.Entity.Core.Objects.ObjectContext.SaveChangesToStore(SaveOptions options, IDbExecutionStrategy executionStrategy, Boolean startLocalTransaction)
   在 System.Data.Entity.Core.Objects.ObjectContext.<>c__DisplayClassb.<SaveChangesInternal>b__8()
   在 System.Data.Entity.SqlServer.DefaultSqlExecutionStrategy.Execute[TResult](Func`1 operation)
   在 System.Data.Entity.Core.Objects.ObjectContext.SaveChangesInternal(SaveOptions options, Boolean executeInExistingTransaction)
   在 System.Data.Entity.Core.Objects.ObjectContext.SaveChanges(SaveOptions options)
   在 System.Data.Entity.Internal.InternalContext.SaveChanges()
   --- 内部异常堆栈跟踪的结尾 ---
   在 System.Data.Entity.Internal.InternalContext.SaveChanges()
   在 System.Data.Entity.Internal.LazyInternalContext.SaveChanges()
   在 System.Data.Entity.DbContext.SaveChanges()
   在 AFMES.BaseInfo.BL.WeatherBL.Refresh() 位置 C:\Users\刘延康\Desktop\SSLPA\AFMES.BaseInfo\BL\WeatherBL.cs:行号 57
2017-07-07 17:34:28.282 INFO AFMES.BaseInfo.BL.WeatherBL: 天气获取成功。日期：2017年07月07日,城市：太仓,温度：28℃~35℃,天气：多云
2017-07-07 17:34:28.477 ERROR AFMES.BaseInfo.BL.WeatherBL: System.Data.Entity.Infrastructure.DbUpdateException: 从 ObjectStateEntry 中检索值时出错。有关详细信息，请参阅内部异常。 ---> System.Data.Entity.Core.UpdateException: 从 ObjectStateEntry 中检索值时出错。有关详细信息，请参阅内部异常。 ---> System.Data.Entity.Core.MappingException: 
AFMESModel.msl(3,4) : 错误 3027: 没有为以下 EntitySet/AssociationSet 指定映射 - SemiProductOrder, OutputUpdate, ProductOrder, QualityStatusDetail, QuantityCheckDetail, TroubleShooting, Scrap, MachineDayPlan, ExecutionBreak, InOutDetail, QuantityCheck, Execution, BarcodeScanLog, PrintLog, EmpLoginLog, NotifyMessage, Quest, QuestMachine, Terminal, CloseDownDetail, MachineCommData, MessageRead, TerminalMsg, PowderMaterial, ChemicalMaterial, SkillTest, TestResult, ProductPlan, ProductPlanDetail。
   在 System.Data.Entity.Core.Mapping.StorageMappingItemCollection.ViewDictionary.SerializedGenerateViews(EntityContainerMapping entityContainerMap, Dictionary`2 resultDictionary)
   在 System.Data.Entity.Core.Mapping.StorageMappingItemCollection.ViewDictionary.SerializedGetGeneratedViews(EntityContainer container)
   在 System.Data.Entity.Core.Common.Utils.Memoizer`2.<>c__DisplayClass2.<Evaluate>b__0()
   在 System.Data.Entity.Core.Common.Utils.Memoizer`2.Result.GetValue()
   在 System.Data.Entity.Core.Common.Utils.Memoizer`2.Evaluate(TArg arg)
   在 System.Data.Entity.Core.Mapping.StorageMappingItemCollection.ViewDictionary.GetGeneratedView(EntitySetBase extent, MetadataWorkspace workspace, StorageMappingItemCollection storageMappingItemCollection)
   在 System.Data.Entity.Core.Mapping.Update.Internal.ViewLoader.InitializeEntitySet(EntitySetBase entitySetBase, MetadataWorkspace workspace)
   在 System.Data.Entity.Core.Mapping.Update.Internal.ViewLoader.SyncInitializeEntitySet[TArg,TResult](EntitySetBase entitySetBase, MetadataWorkspace workspace, Func`2 evaluate, TArg arg)
   在 System.Data.Entity.Core.Mapping.Update.Internal.ExtractorMetadata..ctor(EntitySetBase entitySetBase, StructuralType type, UpdateTranslator translator)
   在 System.Data.Entity.Core.Mapping.Update.Internal.UpdateTranslator.GetExtractorMetadata(EntitySetBase entitySetBase, StructuralType type)
   在 System.Data.Entity.Core.Mapping.Update.Internal.ExtractorMetadata.ExtractResultFromRecord(IEntityStateEntry stateEntry, Boolean isModified, IExtendedDataRecord record, Boolean useCurrentValues, UpdateTranslator translator, ModifiedPropertiesBehavior modifiedPropertiesBehavior)
   在 System.Data.Entity.Core.Mapping.Update.Internal.RecordConverter.ConvertStateEntryToPropagatorResult(IEntityStateEntry stateEntry, Boolean useCurrentValues, ModifiedPropertiesBehavior modifiedPropertiesBehavior)
   --- 内部异常堆栈跟踪的结尾 ---
   在 System.Data.Entity.Core.Mapping.Update.Internal.RecordConverter.ConvertStateEntryToPropagatorResult(IEntityStateEntry stateEntry, Boolean useCurrentValues, ModifiedPropertiesBehavior modifiedPropertiesBehavior)
   在 System.Data.Entity.Core.Mapping.Update.Internal.ExtractedStateEntry..ctor(UpdateTranslator translator, IEntityStateEntry stateEntry)
   在 System.Data.Entity.Core.Mapping.Update.Internal.UpdateTranslator.LoadStateEntry(IEntityStateEntry stateEntry)
   在 System.Data.Entity.Core.Mapping.Update.Internal.UpdateTranslator.PullModifiedEntriesFromStateManager()
   在 System.Data.Entity.Core.Mapping.Update.Internal.UpdateTranslator.ProduceCommands()
   在 System.Data.Entity.Core.Mapping.Update.Internal.UpdateTranslator.Update()
   在 System.Data.Entity.Core.EntityClient.Internal.EntityAdapter.<Update>b__2(UpdateTranslator ut)
   在 System.Data.Entity.Core.EntityClient.Internal.EntityAdapter.Update[T](T noChangesResult, Func`2 updateFunction)
   在 System.Data.Entity.Core.EntityClient.Internal.EntityAdapter.Update()
   在 System.Data.Entity.Core.Objects.ObjectContext.<SaveChangesToStore>b__d()
   在 System.Data.Entity.Core.Objects.ObjectContext.ExecuteInTransaction[T](Func`1 func, IDbExecutionStrategy executionStrategy, Boolean startLocalTransaction, Boolean releaseConnectionOnSuccess)
   在 System.Data.Entity.Core.Objects.ObjectContext.SaveChangesToStore(SaveOptions options, IDbExecutionStrategy executionStrategy, Boolean startLocalTransaction)
   在 System.Data.Entity.Core.Objects.ObjectContext.<>c__DisplayClassb.<SaveChangesInternal>b__8()
   在 System.Data.Entity.SqlServer.DefaultSqlExecutionStrategy.Execute[TResult](Func`1 operation)
   在 System.Data.Entity.Core.Objects.ObjectContext.SaveChangesInternal(SaveOptions options, Boolean executeInExistingTransaction)
   在 System.Data.Entity.Core.Objects.ObjectContext.SaveChanges(SaveOptions options)
   在 System.Data.Entity.Internal.InternalContext.SaveChanges()
   --- 内部异常堆栈跟踪的结尾 ---
   在 System.Data.Entity.Internal.InternalContext.SaveChanges()
   在 System.Data.Entity.Internal.LazyInternalContext.SaveChanges()
   在 System.Data.Entity.DbContext.SaveChanges()
   在 AFMES.BaseInfo.BL.WeatherBL.Refresh() 位置 C:\Users\刘延康\Desktop\SSLPA\AFMES.BaseInfo\BL\WeatherBL.cs:行号 57
2017-07-07 17:43:01.895 INFO AFMES.BaseInfo.BL.WeatherBL: 天气获取成功。日期：2017年07月07日,城市：太仓,温度：28℃~35℃,天气：多云
2017-07-07 17:43:08.123 ERROR AFMES.BaseInfo.BL.WeatherBL: System.Data.Entity.Infrastructure.DbUpdateException: 从 ObjectStateEntry 中检索值时出错。有关详细信息，请参阅内部异常。 ---> System.Data.Entity.Core.UpdateException: 从 ObjectStateEntry 中检索值时出错。有关详细信息，请参阅内部异常。 ---> System.Data.Entity.Core.MappingException: 
AFMESModel.msl(3,4) : 错误 3027: 没有为以下 EntitySet/AssociationSet 指定映射 - SemiProductOrder, OutputUpdate, ProductOrder, QualityStatusDetail, QuantityCheckDetail, TroubleShooting, Scrap, MachineDayPlan, ExecutionBreak, InOutDetail, QuantityCheck, Execution, BarcodeScanLog, PrintLog, EmpLoginLog, NotifyMessage, Quest, QuestMachine, Terminal, CloseDownDetail, MachineCommData, MessageRead, TerminalMsg, PowderMaterial, ChemicalMaterial, SkillTest, TestResult, ProductPlan, ProductPlanDetail。
   在 System.Data.Entity.Core.Mapping.StorageMappingItemCollection.ViewDictionary.SerializedGenerateViews(EntityContainerMapping entityContainerMap, Dictionary`2 resultDictionary)
   在 System.Data.Entity.Core.Mapping.StorageMappingItemCollection.ViewDictionary.SerializedGetGeneratedViews(EntityContainer container)
   在 System.Data.Entity.Core.Common.Utils.Memoizer`2.<>c__DisplayClass2.<Evaluate>b__0()
   在 System.Data.Entity.Core.Common.Utils.Memoizer`2.Result.GetValue()
   在 System.Data.Entity.Core.Common.Utils.Memoizer`2.Evaluate(TArg arg)
   在 System.Data.Entity.Core.Mapping.StorageMappingItemCollection.ViewDictionary.GetGeneratedView(EntitySetBase extent, MetadataWorkspace workspace, StorageMappingItemCollection storageMappingItemCollection)
   在 System.Data.Entity.Core.Mapping.Update.Internal.ViewLoader.InitializeEntitySet(EntitySetBase entitySetBase, MetadataWorkspace workspace)
   在 System.Data.Entity.Core.Mapping.Update.Internal.ViewLoader.SyncInitializeEntitySet[TArg,TResult](EntitySetBase entitySetBase, MetadataWorkspace workspace, Func`2 evaluate, TArg arg)
   在 System.Data.Entity.Core.Mapping.Update.Internal.ExtractorMetadata..ctor(EntitySetBase entitySetBase, StructuralType type, UpdateTranslator translator)
   在 System.Data.Entity.Core.Mapping.Update.Internal.UpdateTranslator.GetExtractorMetadata(EntitySetBase entitySetBase, StructuralType type)
   在 System.Data.Entity.Core.Mapping.Update.Internal.ExtractorMetadata.ExtractResultFromRecord(IEntityStateEntry stateEntry, Boolean isModified, IExtendedDataRecord record, Boolean useCurrentValues, UpdateTranslator translator, ModifiedPropertiesBehavior modifiedPropertiesBehavior)
   在 System.Data.Entity.Core.Mapping.Update.Internal.RecordConverter.ConvertStateEntryToPropagatorResult(IEntityStateEntry stateEntry, Boolean useCurrentValues, ModifiedPropertiesBehavior modifiedPropertiesBehavior)
   --- 内部异常堆栈跟踪的结尾 ---
   在 System.Data.Entity.Core.Mapping.Update.Internal.RecordConverter.ConvertStateEntryToPropagatorResult(IEntityStateEntry stateEntry, Boolean useCurrentValues, ModifiedPropertiesBehavior modifiedPropertiesBehavior)
   在 System.Data.Entity.Core.Mapping.Update.Internal.ExtractedStateEntry..ctor(UpdateTranslator translator, IEntityStateEntry stateEntry)
   在 System.Data.Entity.Core.Mapping.Update.Internal.UpdateTranslator.LoadStateEntry(IEntityStateEntry stateEntry)
   在 System.Data.Entity.Core.Mapping.Update.Internal.UpdateTranslator.PullModifiedEntriesFromStateManager()
   在 System.Data.Entity.Core.Mapping.Update.Internal.UpdateTranslator.ProduceCommands()
   在 System.Data.Entity.Core.Mapping.Update.Internal.UpdateTranslator.Update()
   在 System.Data.Entity.Core.EntityClient.Internal.EntityAdapter.<Update>b__2(UpdateTranslator ut)
   在 System.Data.Entity.Core.EntityClient.Internal.EntityAdapter.Update[T](T noChangesResult, Func`2 updateFunction)
   在 System.Data.Entity.Core.EntityClient.Internal.EntityAdapter.Update()
   在 System.Data.Entity.Core.Objects.ObjectContext.<SaveChangesToStore>b__d()
   在 System.Data.Entity.Core.Objects.ObjectContext.ExecuteInTransaction[T](Func`1 func, IDbExecutionStrategy executionStrategy, Boolean startLocalTransaction, Boolean releaseConnectionOnSuccess)
   在 System.Data.Entity.Core.Objects.ObjectContext.SaveChangesToStore(SaveOptions options, IDbExecutionStrategy executionStrategy, Boolean startLocalTransaction)
   在 System.Data.Entity.Core.Objects.ObjectContext.<>c__DisplayClassb.<SaveChangesInternal>b__8()
   在 System.Data.Entity.SqlServer.DefaultSqlExecutionStrategy.Execute[TResult](Func`1 operation)
   在 System.Data.Entity.Core.Objects.ObjectContext.SaveChangesInternal(SaveOptions options, Boolean executeInExistingTransaction)
   在 System.Data.Entity.Core.Objects.ObjectContext.SaveChanges(SaveOptions options)
   在 System.Data.Entity.Internal.InternalContext.SaveChanges()
   --- 内部异常堆栈跟踪的结尾 ---
   在 System.Data.Entity.Internal.InternalContext.SaveChanges()
   在 System.Data.Entity.Internal.LazyInternalContext.SaveChanges()
   在 System.Data.Entity.DbContext.SaveChanges()
   在 AFMES.BaseInfo.BL.WeatherBL.Refresh() 位置 C:\Users\刘延康\Desktop\SSLPA\AFMES.BaseInfo\BL\WeatherBL.cs:行号 57
2017-07-07 17:50:11.441 INFO AFMES.BaseInfo.BL.WeatherBL: 天气获取成功。日期：2017年07月07日,城市：太仓,温度：28℃~35℃,天气：多云
2017-07-07 17:50:11.604 ERROR AFMES.BaseInfo.BL.WeatherBL: System.Data.Entity.Infrastructure.DbUpdateException: 从 ObjectStateEntry 中检索值时出错。有关详细信息，请参阅内部异常。 ---> System.Data.Entity.Core.UpdateException: 从 ObjectStateEntry 中检索值时出错。有关详细信息，请参阅内部异常。 ---> System.Data.Entity.Core.MappingException: 
AFMESModel.msl(3,4) : 错误 3027: 没有为以下 EntitySet/AssociationSet 指定映射 - SemiProductOrder, OutputUpdate, ProductOrder, QualityStatusDetail, QuantityCheckDetail, TroubleShooting, Scrap, MachineDayPlan, ExecutionBreak, InOutDetail, QuantityCheck, Execution, BarcodeScanLog, PrintLog, EmpLoginLog, NotifyMessage, Quest, QuestMachine, Terminal, CloseDownDetail, MachineCommData, MessageRead, TerminalMsg, PowderMaterial, ChemicalMaterial, SkillTest, TestResult, ProductPlan, ProductPlanDetail。
   在 System.Data.Entity.Core.Mapping.StorageMappingItemCollection.ViewDictionary.SerializedGenerateViews(EntityContainerMapping entityContainerMap, Dictionary`2 resultDictionary)
   在 System.Data.Entity.Core.Mapping.StorageMappingItemCollection.ViewDictionary.SerializedGetGeneratedViews(EntityContainer container)
   在 System.Data.Entity.Core.Common.Utils.Memoizer`2.<>c__DisplayClass2.<Evaluate>b__0()
   在 System.Data.Entity.Core.Common.Utils.Memoizer`2.Result.GetValue()
   在 System.Data.Entity.Core.Common.Utils.Memoizer`2.Evaluate(TArg arg)
   在 System.Data.Entity.Core.Mapping.StorageMappingItemCollection.ViewDictionary.GetGeneratedView(EntitySetBase extent, MetadataWorkspace workspace, StorageMappingItemCollection storageMappingItemCollection)
   在 System.Data.Entity.Core.Mapping.Update.Internal.ViewLoader.InitializeEntitySet(EntitySetBase entitySetBase, MetadataWorkspace workspace)
   在 System.Data.Entity.Core.Mapping.Update.Internal.ViewLoader.SyncInitializeEntitySet[TArg,TResult](EntitySetBase entitySetBase, MetadataWorkspace workspace, Func`2 evaluate, TArg arg)
   在 System.Data.Entity.Core.Mapping.Update.Internal.ExtractorMetadata..ctor(EntitySetBase entitySetBase, StructuralType type, UpdateTranslator translator)
   在 System.Data.Entity.Core.Mapping.Update.Internal.UpdateTranslator.GetExtractorMetadata(EntitySetBase entitySetBase, StructuralType type)
   在 System.Data.Entity.Core.Mapping.Update.Internal.ExtractorMetadata.ExtractResultFromRecord(IEntityStateEntry stateEntry, Boolean isModified, IExtendedDataRecord record, Boolean useCurrentValues, UpdateTranslator translator, ModifiedPropertiesBehavior modifiedPropertiesBehavior)
   在 System.Data.Entity.Core.Mapping.Update.Internal.RecordConverter.ConvertStateEntryToPropagatorResult(IEntityStateEntry stateEntry, Boolean useCurrentValues, ModifiedPropertiesBehavior modifiedPropertiesBehavior)
   --- 内部异常堆栈跟踪的结尾 ---
   在 System.Data.Entity.Core.Mapping.Update.Internal.RecordConverter.ConvertStateEntryToPropagatorResult(IEntityStateEntry stateEntry, Boolean useCurrentValues, ModifiedPropertiesBehavior modifiedPropertiesBehavior)
   在 System.Data.Entity.Core.Mapping.Update.Internal.ExtractedStateEntry..ctor(UpdateTranslator translator, IEntityStateEntry stateEntry)
   在 System.Data.Entity.Core.Mapping.Update.Internal.UpdateTranslator.LoadStateEntry(IEntityStateEntry stateEntry)
   在 System.Data.Entity.Core.Mapping.Update.Internal.UpdateTranslator.PullModifiedEntriesFromStateManager()
   在 System.Data.Entity.Core.Mapping.Update.Internal.UpdateTranslator.ProduceCommands()
   在 System.Data.Entity.Core.Mapping.Update.Internal.UpdateTranslator.Update()
   在 System.Data.Entity.Core.EntityClient.Internal.EntityAdapter.<Update>b__2(UpdateTranslator ut)
   在 System.Data.Entity.Core.EntityClient.Internal.EntityAdapter.Update[T](T noChangesResult, Func`2 updateFunction)
   在 System.Data.Entity.Core.EntityClient.Internal.EntityAdapter.Update()
   在 System.Data.Entity.Core.Objects.ObjectContext.<SaveChangesToStore>b__d()
   在 System.Data.Entity.Core.Objects.ObjectContext.ExecuteInTransaction[T](Func`1 func, IDbExecutionStrategy executionStrategy, Boolean startLocalTransaction, Boolean releaseConnectionOnSuccess)
   在 System.Data.Entity.Core.Objects.ObjectContext.SaveChangesToStore(SaveOptions options, IDbExecutionStrategy executionStrategy, Boolean startLocalTransaction)
   在 System.Data.Entity.Core.Objects.ObjectContext.<>c__DisplayClassb.<SaveChangesInternal>b__8()
   在 System.Data.Entity.SqlServer.DefaultSqlExecutionStrategy.Execute[TResult](Func`1 operation)
   在 System.Data.Entity.Core.Objects.ObjectContext.SaveChangesInternal(SaveOptions options, Boolean executeInExistingTransaction)
   在 System.Data.Entity.Core.Objects.ObjectContext.SaveChanges(SaveOptions options)
   在 System.Data.Entity.Internal.InternalContext.SaveChanges()
   --- 内部异常堆栈跟踪的结尾 ---
   在 System.Data.Entity.Internal.InternalContext.SaveChanges()
   在 System.Data.Entity.Internal.LazyInternalContext.SaveChanges()
   在 System.Data.Entity.DbContext.SaveChanges()
   在 AFMES.BaseInfo.BL.WeatherBL.Refresh() 位置 C:\Users\刘延康\Desktop\SSLPA\AFMES.BaseInfo\BL\WeatherBL.cs:行号 57
2017-07-07 17:56:44.978 INFO AFMES.BaseInfo.BL.WeatherBL: 天气获取成功。日期：2017年07月07日,城市：太仓,温度：28℃~35℃,天气：多云
2017-07-07 17:56:45.305 ERROR AFMES.BaseInfo.BL.WeatherBL: System.Data.Entity.Infrastructure.DbUpdateException: 从 ObjectStateEntry 中检索值时出错。有关详细信息，请参阅内部异常。 ---> System.Data.Entity.Core.UpdateException: 从 ObjectStateEntry 中检索值时出错。有关详细信息，请参阅内部异常。 ---> System.Data.Entity.Core.MappingException: 
AFMESModel.msl(3,4) : 错误 3027: 没有为以下 EntitySet/AssociationSet 指定映射 - SemiProductOrder, OutputUpdate, ProductOrder, QualityStatusDetail, QuantityCheckDetail, TroubleShooting, Scrap, MachineDayPlan, ExecutionBreak, InOutDetail, QuantityCheck, Execution, BarcodeScanLog, PrintLog, EmpLoginLog, NotifyMessage, Quest, QuestMachine, Terminal, CloseDownDetail, MachineCommData, MessageRead, TerminalMsg, PowderMaterial, ChemicalMaterial, SkillTest, TestResult, ProductPlan, ProductPlanDetail。
   在 System.Data.Entity.Core.Mapping.StorageMappingItemCollection.ViewDictionary.SerializedGenerateViews(EntityContainerMapping entityContainerMap, Dictionary`2 resultDictionary)
   在 System.Data.Entity.Core.Mapping.StorageMappingItemCollection.ViewDictionary.SerializedGetGeneratedViews(EntityContainer container)
   在 System.Data.Entity.Core.Common.Utils.Memoizer`2.<>c__DisplayClass2.<Evaluate>b__0()
   在 System.Data.Entity.Core.Common.Utils.Memoizer`2.Result.GetValue()
   在 System.Data.Entity.Core.Common.Utils.Memoizer`2.Evaluate(TArg arg)
   在 System.Data.Entity.Core.Mapping.StorageMappingItemCollection.ViewDictionary.GetGeneratedView(EntitySetBase extent, MetadataWorkspace workspace, StorageMappingItemCollection storageMappingItemCollection)
   在 System.Data.Entity.Core.Mapping.Update.Internal.ViewLoader.InitializeEntitySet(EntitySetBase entitySetBase, MetadataWorkspace workspace)
   在 System.Data.Entity.Core.Mapping.Update.Internal.ViewLoader.SyncInitializeEntitySet[TArg,TResult](EntitySetBase entitySetBase, MetadataWorkspace workspace, Func`2 evaluate, TArg arg)
   在 System.Data.Entity.Core.Mapping.Update.Internal.ExtractorMetadata..ctor(EntitySetBase entitySetBase, StructuralType type, UpdateTranslator translator)
   在 System.Data.Entity.Core.Mapping.Update.Internal.UpdateTranslator.GetExtractorMetadata(EntitySetBase entitySetBase, StructuralType type)
   在 System.Data.Entity.Core.Mapping.Update.Internal.ExtractorMetadata.ExtractResultFromRecord(IEntityStateEntry stateEntry, Boolean isModified, IExtendedDataRecord record, Boolean useCurrentValues, UpdateTranslator translator, ModifiedPropertiesBehavior modifiedPropertiesBehavior)
   在 System.Data.Entity.Core.Mapping.Update.Internal.RecordConverter.ConvertStateEntryToPropagatorResult(IEntityStateEntry stateEntry, Boolean useCurrentValues, ModifiedPropertiesBehavior modifiedPropertiesBehavior)
   --- 内部异常堆栈跟踪的结尾 ---
   在 System.Data.Entity.Core.Mapping.Update.Internal.RecordConverter.ConvertStateEntryToPropagatorResult(IEntityStateEntry stateEntry, Boolean useCurrentValues, ModifiedPropertiesBehavior modifiedPropertiesBehavior)
   在 System.Data.Entity.Core.Mapping.Update.Internal.ExtractedStateEntry..ctor(UpdateTranslator translator, IEntityStateEntry stateEntry)
   在 System.Data.Entity.Core.Mapping.Update.Internal.UpdateTranslator.LoadStateEntry(IEntityStateEntry stateEntry)
   在 System.Data.Entity.Core.Mapping.Update.Internal.UpdateTranslator.PullModifiedEntriesFromStateManager()
   在 System.Data.Entity.Core.Mapping.Update.Internal.UpdateTranslator.ProduceCommands()
   在 System.Data.Entity.Core.Mapping.Update.Internal.UpdateTranslator.Update()
   在 System.Data.Entity.Core.EntityClient.Internal.EntityAdapter.<Update>b__2(UpdateTranslator ut)
   在 System.Data.Entity.Core.EntityClient.Internal.EntityAdapter.Update[T](T noChangesResult, Func`2 updateFunction)
   在 System.Data.Entity.Core.EntityClient.Internal.EntityAdapter.Update()
   在 System.Data.Entity.Core.Objects.ObjectContext.<SaveChangesToStore>b__d()
   在 System.Data.Entity.Core.Objects.ObjectContext.ExecuteInTransaction[T](Func`1 func, IDbExecutionStrategy executionStrategy, Boolean startLocalTransaction, Boolean releaseConnectionOnSuccess)
   在 System.Data.Entity.Core.Objects.ObjectContext.SaveChangesToStore(SaveOptions options, IDbExecutionStrategy executionStrategy, Boolean startLocalTransaction)
   在 System.Data.Entity.Core.Objects.ObjectContext.<>c__DisplayClassb.<SaveChangesInternal>b__8()
   在 System.Data.Entity.SqlServer.DefaultSqlExecutionStrategy.Execute[TResult](Func`1 operation)
   在 System.Data.Entity.Core.Objects.ObjectContext.SaveChangesInternal(SaveOptions options, Boolean executeInExistingTransaction)
   在 System.Data.Entity.Core.Objects.ObjectContext.SaveChanges(SaveOptions options)
   在 System.Data.Entity.Internal.InternalContext.SaveChanges()
   --- 内部异常堆栈跟踪的结尾 ---
   在 System.Data.Entity.Internal.InternalContext.SaveChanges()
   在 System.Data.Entity.Internal.LazyInternalContext.SaveChanges()
   在 System.Data.Entity.DbContext.SaveChanges()
   在 AFMES.BaseInfo.BL.WeatherBL.Refresh() 位置 C:\Users\刘延康\Desktop\SSLPA\AFMES.BaseInfo\BL\WeatherBL.cs:行号 57
2017-07-07 18:06:14.203 INFO AFMES.BaseInfo.BL.WeatherBL: 天气获取成功。日期：2017年07月07日,城市：太仓,温度：28℃~35℃,天气：多云
2017-07-07 18:12:55.205 INFO AFMES.BaseInfo.BL.WeatherBL: 天气获取成功。日期：2017年07月07日,城市：太仓,温度：28℃~35℃,天气：多云
2017-07-07 18:17:16.395 INFO AFMES.BaseInfo.BL.WeatherBL: 天气获取成功。日期：2017年07月07日,城市：太仓,温度：28℃~35℃,天气：多云
2017-07-07 18:20:33.742 INFO AFMES.BaseInfo.BL.WeatherBL: 天气获取成功。日期：2017年07月07日,城市：太仓,温度：28℃~35℃,天气：多云
2017-07-07 18:38:16.585 INFO AFMES.BaseInfo.BL.WeatherBL: 天气获取成功。日期：2017年07月07日,城市：太仓,温度：28℃~35℃,天气：多云
2017-07-07 18:40:16.696 INFO AFMES.BaseInfo.BL.WeatherBL: 天气获取成功。日期：2017年07月07日,城市：太仓,温度：28℃~35℃,天气：多云
2017-07-07 18:43:57.266 INFO AFMES.BaseInfo.BL.WeatherBL: 天气获取成功。日期：2017年07月07日,城市：太仓,温度：28℃~35℃,天气：多云
2017-07-07 18:46:25.275 INFO AFMES.BaseInfo.BL.WeatherBL: 天气获取成功。日期：2017年07月07日,城市：太仓,温度：28℃~35℃,天气：多云
2017-07-07 18:54:37.987 INFO AFMES.BaseInfo.BL.WeatherBL: 天气获取成功。日期：2017年07月07日,城市：太仓,温度：28℃~35℃,天气：多云
2017-07-07 18:57:27.670 INFO AFMES.BaseInfo.BL.WeatherBL: 天气获取成功。日期：2017年07月07日,城市：太仓,温度：28℃~35℃,天气：多云
2017-07-07 19:12:09.685 INFO AFMES.BaseInfo.BL.WeatherBL: 天气获取成功。日期：2017年07月07日,城市：太仓,温度：28℃~35℃,天气：多云
2017-07-07 19:18:23.890 INFO AFMES.BaseInfo.BL.WeatherBL: 天气获取成功。日期：2017年07月07日,城市：太仓,温度：28℃~35℃,天气：多云
2017-07-07 19:24:57.668 INFO AFMES.BaseInfo.BL.WeatherBL: 天气获取成功。日期：2017年07月07日,城市：太仓,温度：28℃~35℃,天气：多云
2017-07-07 19:34:46.882 INFO AFMES.BaseInfo.BL.WeatherBL: 天气获取成功。日期：2017年07月07日,城市：太仓,温度：28℃~35℃,天气：多云
2017-07-07 19:49:36.884 INFO AFMES.BaseInfo.BL.WeatherBL: 天气获取成功。日期：2017年07月07日,城市：太仓,温度：28℃~35℃,天气：多云
